2020-10-07 21:41:40.670  INFO 8888 --- [restartedMain] com.intern.test.InternProjApplication    : Starting InternProjApplication on LAPTOP-DTREMEVB with PID 8888 (C:\Users\HP\eclipse-workspace\InternProj\target\classes started by HP in C:\Users\HP\eclipse-workspace\InternProj)
2020-10-07 21:41:40.699  INFO 8888 --- [restartedMain] com.intern.test.InternProjApplication    : No active profile set, falling back to default profiles: default
2020-10-07 21:41:40.908  INFO 8888 --- [restartedMain] .e.DevToolsPropertyDefaultsPostProcessor : Devtools property defaults active! Set 'spring.devtools.add-properties' to 'false' to disable
2020-10-07 21:41:40.909  INFO 8888 --- [restartedMain] .e.DevToolsPropertyDefaultsPostProcessor : For additional web related logging consider setting the 'logging.level.web' property to 'DEBUG'
2020-10-07 21:41:43.574  INFO 8888 --- [restartedMain] .s.d.r.c.RepositoryConfigurationDelegate : Bootstrapping Spring Data JPA repositories in DEFERRED mode.
2020-10-07 21:41:43.784  INFO 8888 --- [restartedMain] .s.d.r.c.RepositoryConfigurationDelegate : Finished Spring Data repository scanning in 173ms. Found 1 JPA repository interfaces.
2020-10-07 21:41:44.518  INFO 8888 --- [restartedMain] trationDelegate$BeanPostProcessorChecker : Bean 'org.springframework.ws.config.annotation.DelegatingWsConfiguration' of type [org.springframework.ws.config.annotation.DelegatingWsConfiguration$$EnhancerBySpringCGLIB$$2e393284] is not eligible for getting processed by all BeanPostProcessors (for example: not eligible for auto-proxying)
2020-10-07 21:41:44.646  INFO 8888 --- [restartedMain] .w.s.a.s.AnnotationActionEndpointMapping : Supporting [WS-Addressing August 2004, WS-Addressing 1.0]
2020-10-07 21:41:45.592  INFO 8888 --- [restartedMain] o.s.b.w.embedded.tomcat.TomcatWebServer  : Tomcat initialized with port(s): 8080 (http)
2020-10-07 21:41:45.617  INFO 8888 --- [restartedMain] o.apache.catalina.core.StandardService   : Starting service [Tomcat]
2020-10-07 21:41:45.618  INFO 8888 --- [restartedMain] org.apache.catalina.core.StandardEngine  : Starting Servlet engine: [Apache Tomcat/9.0.37]
2020-10-07 21:41:45.849  INFO 8888 --- [restartedMain] o.a.c.c.C.[.[localhost].[/intern]        : Initializing Spring embedded WebApplicationContext
2020-10-07 21:41:45.852  INFO 8888 --- [restartedMain] w.s.c.ServletWebServerApplicationContext : Root WebApplicationContext: initialization completed in 4942 ms
2020-10-07 21:41:46.479  INFO 8888 --- [restartedMain] o.s.s.concurrent.ThreadPoolTaskExecutor  : Initializing ExecutorService 'applicationTaskExecutor'
2020-10-07 21:41:46.847  INFO 8888 --- [task-1] o.hibernate.jpa.internal.util.LogHelper  : HHH000204: Processing PersistenceUnitInfo [name: default]
2020-10-07 21:41:47.103  INFO 8888 --- [task-1] org.hibernate.Version                    : HHH000412: Hibernate ORM core version 5.4.20.Final
2020-10-07 21:41:47.783  INFO 8888 --- [task-1] o.hibernate.annotations.common.Version   : HCANN000001: Hibernate Commons Annotations {5.1.0.Final}
2020-10-07 21:41:48.141  INFO 8888 --- [task-1] com.zaxxer.hikari.HikariDataSource       : HikariPool-1 - Starting...
2020-10-07 21:41:50.498  INFO 8888 --- [task-1] com.zaxxer.hikari.HikariDataSource       : HikariPool-1 - Start completed.
2020-10-07 21:41:50.578  INFO 8888 --- [task-1] org.hibernate.dialect.Dialect            : HHH000400: Using dialect: org.hibernate.dialect.MySQL8Dialect
2020-10-07 21:41:52.372  INFO 8888 --- [task-1] o.h.e.t.j.p.i.JtaPlatformInitiator       : HHH000490: Using JtaPlatform implementation: [org.hibernate.engine.transaction.jta.platform.internal.NoJtaPlatform]
2020-10-07 21:41:52.408  INFO 8888 --- [task-1] j.LocalContainerEntityManagerFactoryBean : Initialized JPA EntityManagerFactory for persistence unit 'default'
2020-10-07 21:41:53.013  INFO 8888 --- [task-2] o.s.b.d.a.OptionalLiveReloadServer       : LiveReload server is running on port 35729
2020-10-07 21:41:54.042  WARN 8888 --- [restartedMain] JpaBaseConfiguration$JpaWebConfiguration : spring.jpa.open-in-view is enabled by default. Therefore, database queries may be performed during view rendering. Explicitly configure spring.jpa.open-in-view to disable this warning
2020-10-07 21:41:55.645  INFO 8888 --- [restartedMain] o.s.b.w.embedded.tomcat.TomcatWebServer  : Tomcat started on port(s): 8080 (http) with context path '/intern'
2020-10-07 21:41:55.648  INFO 8888 --- [restartedMain] DeferredRepositoryInitializationListener : Triggering deferred initialization of Spring Data repositories…
2020-10-07 21:41:55.782  INFO 8888 --- [restartedMain] DeferredRepositoryInitializationListener : Spring Data repositories initialized!
2020-10-07 21:41:55.803  INFO 8888 --- [restartedMain] com.intern.test.InternProjApplication    : Started InternProjApplication in 16.111 seconds (JVM running for 18.637)
2020-10-07 22:01:34.743  INFO 8888 --- [http-nio-8080-exec-2] o.a.c.c.C.[.[localhost].[/intern]        : Initializing Spring DispatcherServlet 'dispatcherServlet'
2020-10-07 22:01:34.744  INFO 8888 --- [http-nio-8080-exec-2] o.s.web.servlet.DispatcherServlet        : Initializing Servlet 'dispatcherServlet'
2020-10-07 22:01:34.825  INFO 8888 --- [http-nio-8080-exec-2] o.s.web.servlet.DispatcherServlet        : Completed initialization in 80 ms
2020-10-07 22:02:57.475  WARN 8888 --- [http-nio-8080-exec-5] .w.s.m.s.DefaultHandlerExceptionResolver : Resolved [org.springframework.web.HttpRequestMethodNotSupportedException: Request method 'PUT' not supported]
2020-10-07 22:15:40.640  INFO 8888 --- [Thread-6] j.LocalContainerEntityManagerFactoryBean : Closing JPA EntityManagerFactory for persistence unit 'default'
2020-10-07 22:15:40.646  INFO 8888 --- [Thread-6] o.s.s.concurrent.ThreadPoolTaskExecutor  : Shutting down ExecutorService 'applicationTaskExecutor'
2020-10-07 22:15:40.652  INFO 8888 --- [Thread-6] com.zaxxer.hikari.HikariDataSource       : HikariPool-1 - Shutdown initiated...
2020-10-07 22:15:40.665  INFO 8888 --- [Thread-6] com.zaxxer.hikari.HikariDataSource       : HikariPool-1 - Shutdown completed.
2020-10-07 22:15:41.092  INFO 8888 --- [restartedMain] com.intern.test.InternProjApplication    : Starting InternProjApplication on LAPTOP-DTREMEVB with PID 8888 (C:\Users\HP\eclipse-workspace\InternProj\target\classes started by HP in C:\Users\HP\eclipse-workspace\InternProj)
2020-10-07 22:15:41.093  INFO 8888 --- [restartedMain] com.intern.test.InternProjApplication    : No active profile set, falling back to default profiles: default
2020-10-07 22:15:41.746  INFO 8888 --- [restartedMain] .s.d.r.c.RepositoryConfigurationDelegate : Bootstrapping Spring Data JPA repositories in DEFERRED mode.
2020-10-07 22:15:41.779  INFO 8888 --- [restartedMain] .s.d.r.c.RepositoryConfigurationDelegate : Finished Spring Data repository scanning in 31ms. Found 1 JPA repository interfaces.
2020-10-07 22:15:41.980  INFO 8888 --- [restartedMain] trationDelegate$BeanPostProcessorChecker : Bean 'org.springframework.ws.config.annotation.DelegatingWsConfiguration' of type [org.springframework.ws.config.annotation.DelegatingWsConfiguration$$EnhancerBySpringCGLIB$$2e393284] is not eligible for getting processed by all BeanPostProcessors (for example: not eligible for auto-proxying)
2020-10-07 22:15:41.988  INFO 8888 --- [restartedMain] .w.s.a.s.AnnotationActionEndpointMapping : Supporting [WS-Addressing August 2004, WS-Addressing 1.0]
2020-10-07 22:15:42.399  INFO 8888 --- [restartedMain] o.s.b.w.embedded.tomcat.TomcatWebServer  : Tomcat initialized with port(s): 8080 (http)
2020-10-07 22:15:42.401  INFO 8888 --- [restartedMain] o.apache.catalina.core.StandardService   : Starting service [Tomcat]
2020-10-07 22:15:42.402  INFO 8888 --- [restartedMain] org.apache.catalina.core.StandardEngine  : Starting Servlet engine: [Apache Tomcat/9.0.37]
2020-10-07 22:15:42.447  INFO 8888 --- [restartedMain] o.a.c.c.C.[.[localhost].[/intern]        : Initializing Spring embedded WebApplicationContext
2020-10-07 22:15:42.447  INFO 8888 --- [restartedMain] w.s.c.ServletWebServerApplicationContext : Root WebApplicationContext: initialization completed in 1346 ms
2020-10-07 22:15:42.593  INFO 8888 --- [restartedMain] o.s.s.concurrent.ThreadPoolTaskExecutor  : Initializing ExecutorService 'applicationTaskExecutor'
2020-10-07 22:15:42.610  INFO 8888 --- [task-1] o.hibernate.jpa.internal.util.LogHelper  : HHH000204: Processing PersistenceUnitInfo [name: default]
2020-10-07 22:15:42.628  INFO 8888 --- [task-1] com.zaxxer.hikari.HikariDataSource       : HikariPool-2 - Starting...
2020-10-07 22:15:42.657  INFO 8888 --- [task-1] com.zaxxer.hikari.HikariDataSource       : HikariPool-2 - Start completed.
2020-10-07 22:15:42.658  INFO 8888 --- [task-1] org.hibernate.dialect.Dialect            : HHH000400: Using dialect: org.hibernate.dialect.MySQL8Dialect
2020-10-07 22:15:43.729  INFO 3444 --- [restartedMain] com.intern.test.InternProjApplication    : Starting InternProjApplication on LAPTOP-DTREMEVB with PID 3444 (C:\Users\HP\eclipse-workspace\InternProj\target\classes started by HP in C:\Users\HP\eclipse-workspace\InternProj)
2020-10-07 22:15:43.816  INFO 3444 --- [restartedMain] com.intern.test.InternProjApplication    : No active profile set, falling back to default profiles: default
2020-10-07 22:15:44.364  INFO 3444 --- [restartedMain] .e.DevToolsPropertyDefaultsPostProcessor : Devtools property defaults active! Set 'spring.devtools.add-properties' to 'false' to disable
2020-10-07 22:15:44.396  INFO 3444 --- [restartedMain] .e.DevToolsPropertyDefaultsPostProcessor : For additional web related logging consider setting the 'logging.level.web' property to 'DEBUG'
2020-10-07 22:15:45.509  INFO 8888 --- [task-1] o.h.e.t.j.p.i.JtaPlatformInitiator       : HHH000490: Using JtaPlatform implementation: [org.hibernate.engine.transaction.jta.platform.internal.NoJtaPlatform]
2020-10-07 22:15:45.511  INFO 8888 --- [task-1] j.LocalContainerEntityManagerFactoryBean : Initialized JPA EntityManagerFactory for persistence unit 'default'
2020-10-07 22:15:45.625  INFO 8888 --- [task-2] o.s.b.d.a.OptionalLiveReloadServer       : LiveReload server is running on port 35729
2020-10-07 22:15:45.970  WARN 8888 --- [restartedMain] JpaBaseConfiguration$JpaWebConfiguration : spring.jpa.open-in-view is enabled by default. Therefore, database queries may be performed during view rendering. Explicitly configure spring.jpa.open-in-view to disable this warning
2020-10-07 22:15:46.764  INFO 8888 --- [restartedMain] o.s.b.w.embedded.tomcat.TomcatWebServer  : Tomcat started on port(s): 8080 (http) with context path '/intern'
2020-10-07 22:15:46.767  INFO 8888 --- [restartedMain] DeferredRepositoryInitializationListener : Triggering deferred initialization of Spring Data repositories…
2020-10-07 22:15:46.813  INFO 8888 --- [restartedMain] DeferredRepositoryInitializationListener : Spring Data repositories initialized!
2020-10-07 22:15:46.822  INFO 8888 --- [restartedMain] com.intern.test.InternProjApplication    : Started InternProjApplication in 5.818 seconds (JVM running for 2049.656)
2020-10-07 22:15:46.829  INFO 8888 --- [restartedMain] .ConditionEvaluationDeltaLoggingListener : Condition evaluation unchanged
2020-10-07 22:15:47.684  INFO 3444 --- [restartedMain] .s.d.r.c.RepositoryConfigurationDelegate : Bootstrapping Spring Data JPA repositories in DEFERRED mode.
2020-10-07 22:15:47.837  INFO 3444 --- [restartedMain] .s.d.r.c.RepositoryConfigurationDelegate : Finished Spring Data repository scanning in 131ms. Found 1 JPA repository interfaces.
2020-10-07 22:15:48.480  INFO 3444 --- [restartedMain] trationDelegate$BeanPostProcessorChecker : Bean 'org.springframework.ws.config.annotation.DelegatingWsConfiguration' of type [org.springframework.ws.config.annotation.DelegatingWsConfiguration$$EnhancerBySpringCGLIB$$eef07117] is not eligible for getting processed by all BeanPostProcessors (for example: not eligible for auto-proxying)
2020-10-07 22:15:48.721  INFO 3444 --- [restartedMain] .w.s.a.s.AnnotationActionEndpointMapping : Supporting [WS-Addressing August 2004, WS-Addressing 1.0]
2020-10-07 22:15:49.674  INFO 3444 --- [restartedMain] o.s.b.w.embedded.tomcat.TomcatWebServer  : Tomcat initialized with port(s): 8080 (http)
2020-10-07 22:15:49.715  INFO 3444 --- [restartedMain] o.apache.catalina.core.StandardService   : Starting service [Tomcat]
2020-10-07 22:15:49.716  INFO 3444 --- [restartedMain] org.apache.catalina.core.StandardEngine  : Starting Servlet engine: [Apache Tomcat/9.0.37]
2020-10-07 22:15:49.929  INFO 3444 --- [restartedMain] o.a.c.c.C.[.[localhost].[/intern]        : Initializing Spring embedded WebApplicationContext
2020-10-07 22:15:49.930  INFO 3444 --- [restartedMain] w.s.c.ServletWebServerApplicationContext : Root WebApplicationContext: initialization completed in 5533 ms
2020-10-07 22:15:50.488  INFO 3444 --- [restartedMain] o.s.s.concurrent.ThreadPoolTaskExecutor  : Initializing ExecutorService 'applicationTaskExecutor'
2020-10-07 22:15:50.662  INFO 3444 --- [task-1] o.hibernate.jpa.internal.util.LogHelper  : HHH000204: Processing PersistenceUnitInfo [name: default]
2020-10-07 22:15:50.823  INFO 3444 --- [task-1] org.hibernate.Version                    : HHH000412: Hibernate ORM core version 5.4.20.Final
2020-10-07 22:15:51.782  INFO 3444 --- [task-1] o.hibernate.annotations.common.Version   : HCANN000001: Hibernate Commons Annotations {5.1.0.Final}
2020-10-07 22:15:53.182  INFO 3444 --- [task-1] com.zaxxer.hikari.HikariDataSource       : HikariPool-1 - Starting...
2020-10-07 22:15:56.534  INFO 3444 --- [task-1] com.zaxxer.hikari.HikariDataSource       : HikariPool-1 - Start completed.
2020-10-07 22:15:56.593  INFO 3444 --- [task-1] org.hibernate.dialect.Dialect            : HHH000400: Using dialect: org.hibernate.dialect.MySQL8Dialect
2020-10-07 22:15:58.240  INFO 3444 --- [task-1] o.h.e.t.j.p.i.JtaPlatformInitiator       : HHH000490: Using JtaPlatform implementation: [org.hibernate.engine.transaction.jta.platform.internal.NoJtaPlatform]
2020-10-07 22:15:58.270  INFO 3444 --- [task-1] j.LocalContainerEntityManagerFactoryBean : Initialized JPA EntityManagerFactory for persistence unit 'default'
2020-10-07 22:15:58.969  WARN 3444 --- [task-2] o.s.b.d.a.OptionalLiveReloadServer       : Unable to start LiveReload server
2020-10-07 22:15:59.472  WARN 3444 --- [restartedMain] JpaBaseConfiguration$JpaWebConfiguration : spring.jpa.open-in-view is enabled by default. Therefore, database queries may be performed during view rendering. Explicitly configure spring.jpa.open-in-view to disable this warning
2020-10-07 22:16:00.850  WARN 3444 --- [restartedMain] ConfigServletWebServerApplicationContext : Exception encountered during context initialization - cancelling refresh attempt: org.springframework.context.ApplicationContextException: Failed to start bean 'webServerStartStop'; nested exception is org.springframework.boot.web.server.PortInUseException: Port 8080 is already in use
2020-10-07 22:16:00.856  INFO 3444 --- [restartedMain] j.LocalContainerEntityManagerFactoryBean : Closing JPA EntityManagerFactory for persistence unit 'default'
2020-10-07 22:16:00.861  INFO 3444 --- [restartedMain] o.s.s.concurrent.ThreadPoolTaskExecutor  : Shutting down ExecutorService 'applicationTaskExecutor'
2020-10-07 22:16:00.865  INFO 3444 --- [restartedMain] com.zaxxer.hikari.HikariDataSource       : HikariPool-1 - Shutdown initiated...
2020-10-07 22:16:00.884  INFO 3444 --- [restartedMain] com.zaxxer.hikari.HikariDataSource       : HikariPool-1 - Shutdown completed.
2020-10-07 22:16:00.889  INFO 3444 --- [restartedMain] o.apache.catalina.core.StandardService   : Stopping service [Tomcat]
2020-10-07 22:16:00.917  INFO 3444 --- [restartedMain] ConditionEvaluationReportLoggingListener : 

Error starting ApplicationContext. To display the conditions report re-run your application with 'debug' enabled.
2020-10-07 22:16:00.929 ERROR 3444 --- [restartedMain] o.s.b.d.LoggingFailureAnalysisReporter   : 

***************************
APPLICATION FAILED TO START
***************************

Description:

Web server failed to start. Port 8080 was already in use.

Action:

Identify and stop the process that's listening on port 8080 or configure this application to listen on another port.

2020-10-07 22:16:05.372  INFO 8888 --- [RMI TCP Connection(38)-127.0.0.1] inMXBeanRegistrar$SpringApplicationAdmin : Application shutdown requested.
2020-10-07 22:16:05.738  INFO 8888 --- [RMI TCP Connection(38)-127.0.0.1] j.LocalContainerEntityManagerFactoryBean : Closing JPA EntityManagerFactory for persistence unit 'default'
2020-10-07 22:16:05.740  INFO 8888 --- [RMI TCP Connection(38)-127.0.0.1] o.s.s.concurrent.ThreadPoolTaskExecutor  : Shutting down ExecutorService 'applicationTaskExecutor'
2020-10-07 22:16:05.741  INFO 8888 --- [RMI TCP Connection(38)-127.0.0.1] com.zaxxer.hikari.HikariDataSource       : HikariPool-2 - Shutdown initiated...
2020-10-07 22:16:05.754  INFO 8888 --- [RMI TCP Connection(38)-127.0.0.1] com.zaxxer.hikari.HikariDataSource       : HikariPool-2 - Shutdown completed.
2020-10-07 22:18:49.753  INFO 11352 --- [restartedMain] com.intern.test.InternProjApplication    : Starting InternProjApplication on LAPTOP-DTREMEVB with PID 11352 (C:\Users\HP\eclipse-workspace\InternProj\target\classes started by HP in C:\Users\HP\eclipse-workspace\InternProj)
2020-10-07 22:18:49.759  INFO 11352 --- [restartedMain] com.intern.test.InternProjApplication    : No active profile set, falling back to default profiles: default
2020-10-07 22:18:49.867  INFO 11352 --- [restartedMain] .e.DevToolsPropertyDefaultsPostProcessor : Devtools property defaults active! Set 'spring.devtools.add-properties' to 'false' to disable
2020-10-07 22:18:49.868  INFO 11352 --- [restartedMain] .e.DevToolsPropertyDefaultsPostProcessor : For additional web related logging consider setting the 'logging.level.web' property to 'DEBUG'
2020-10-07 22:18:51.147  INFO 11352 --- [restartedMain] .s.d.r.c.RepositoryConfigurationDelegate : Bootstrapping Spring Data JPA repositories in DEFERRED mode.
2020-10-07 22:18:51.253  INFO 11352 --- [restartedMain] .s.d.r.c.RepositoryConfigurationDelegate : Finished Spring Data repository scanning in 92ms. Found 1 JPA repository interfaces.
2020-10-07 22:18:51.770  INFO 11352 --- [restartedMain] trationDelegate$BeanPostProcessorChecker : Bean 'org.springframework.ws.config.annotation.DelegatingWsConfiguration' of type [org.springframework.ws.config.annotation.DelegatingWsConfiguration$$EnhancerBySpringCGLIB$$8f03555f] is not eligible for getting processed by all BeanPostProcessors (for example: not eligible for auto-proxying)
2020-10-07 22:18:51.839  INFO 11352 --- [restartedMain] .w.s.a.s.AnnotationActionEndpointMapping : Supporting [WS-Addressing August 2004, WS-Addressing 1.0]
2020-10-07 22:18:52.490  INFO 11352 --- [restartedMain] o.s.b.w.embedded.tomcat.TomcatWebServer  : Tomcat initialized with port(s): 8080 (http)
2020-10-07 22:18:52.507  INFO 11352 --- [restartedMain] o.apache.catalina.core.StandardService   : Starting service [Tomcat]
2020-10-07 22:18:52.508  INFO 11352 --- [restartedMain] org.apache.catalina.core.StandardEngine  : Starting Servlet engine: [Apache Tomcat/9.0.37]
2020-10-07 22:18:52.645  INFO 11352 --- [restartedMain] o.a.c.c.C.[.[localhost].[/intern]        : Initializing Spring embedded WebApplicationContext
2020-10-07 22:18:52.646  INFO 11352 --- [restartedMain] w.s.c.ServletWebServerApplicationContext : Root WebApplicationContext: initialization completed in 2777 ms
2020-10-07 22:18:53.076  INFO 11352 --- [restartedMain] o.s.s.concurrent.ThreadPoolTaskExecutor  : Initializing ExecutorService 'applicationTaskExecutor'
2020-10-07 22:18:53.176  INFO 11352 --- [task-1] o.hibernate.jpa.internal.util.LogHelper  : HHH000204: Processing PersistenceUnitInfo [name: default]
2020-10-07 22:18:53.274  INFO 11352 --- [task-1] org.hibernate.Version                    : HHH000412: Hibernate ORM core version 5.4.20.Final
2020-10-07 22:18:53.591  INFO 11352 --- [task-1] o.hibernate.annotations.common.Version   : HCANN000001: Hibernate Commons Annotations {5.1.0.Final}
2020-10-07 22:18:53.879  INFO 11352 --- [task-1] com.zaxxer.hikari.HikariDataSource       : HikariPool-1 - Starting...
2020-10-07 22:18:55.456  INFO 11352 --- [task-1] com.zaxxer.hikari.HikariDataSource       : HikariPool-1 - Start completed.
2020-10-07 22:18:55.557  INFO 11352 --- [task-1] org.hibernate.dialect.Dialect            : HHH000400: Using dialect: org.hibernate.dialect.MySQL8Dialect
2020-10-07 22:18:56.828  INFO 11352 --- [task-1] o.h.e.t.j.p.i.JtaPlatformInitiator       : HHH000490: Using JtaPlatform implementation: [org.hibernate.engine.transaction.jta.platform.internal.NoJtaPlatform]
2020-10-07 22:18:56.846  INFO 11352 --- [task-1] j.LocalContainerEntityManagerFactoryBean : Initialized JPA EntityManagerFactory for persistence unit 'default'
2020-10-07 22:18:57.280  INFO 11352 --- [task-2] o.s.b.d.a.OptionalLiveReloadServer       : LiveReload server is running on port 35729
2020-10-07 22:18:57.767  WARN 11352 --- [restartedMain] JpaBaseConfiguration$JpaWebConfiguration : spring.jpa.open-in-view is enabled by default. Therefore, database queries may be performed during view rendering. Explicitly configure spring.jpa.open-in-view to disable this warning
2020-10-07 22:18:59.009  INFO 11352 --- [restartedMain] o.s.b.w.embedded.tomcat.TomcatWebServer  : Tomcat started on port(s): 8080 (http) with context path '/intern'
2020-10-07 22:18:59.013  INFO 11352 --- [restartedMain] DeferredRepositoryInitializationListener : Triggering deferred initialization of Spring Data repositories…
2020-10-07 22:18:59.087  INFO 11352 --- [restartedMain] DeferredRepositoryInitializationListener : Spring Data repositories initialized!
2020-10-07 22:18:59.102  INFO 11352 --- [restartedMain] com.intern.test.InternProjApplication    : Started InternProjApplication in 10.236 seconds (JVM running for 12.221)
2020-10-07 22:20:57.032  INFO 11352 --- [RMI TCP Connection(4)-127.0.0.1] inMXBeanRegistrar$SpringApplicationAdmin : Application shutdown requested.
2020-10-07 22:20:57.828  INFO 11352 --- [RMI TCP Connection(4)-127.0.0.1] j.LocalContainerEntityManagerFactoryBean : Closing JPA EntityManagerFactory for persistence unit 'default'
2020-10-07 22:20:57.832  INFO 11352 --- [RMI TCP Connection(4)-127.0.0.1] o.s.s.concurrent.ThreadPoolTaskExecutor  : Shutting down ExecutorService 'applicationTaskExecutor'
2020-10-07 22:20:57.836  INFO 11352 --- [RMI TCP Connection(4)-127.0.0.1] com.zaxxer.hikari.HikariDataSource       : HikariPool-1 - Shutdown initiated...
2020-10-07 22:20:57.848  INFO 11352 --- [RMI TCP Connection(4)-127.0.0.1] com.zaxxer.hikari.HikariDataSource       : HikariPool-1 - Shutdown completed.
2020-10-07 22:21:07.223  INFO 14168 --- [restartedMain] com.intern.test.InternProjApplication    : Starting InternProjApplication on LAPTOP-DTREMEVB with PID 14168 (C:\Users\HP\eclipse-workspace\InternProj\target\classes started by HP in C:\Users\HP\eclipse-workspace\InternProj)
2020-10-07 22:21:07.228  INFO 14168 --- [restartedMain] com.intern.test.InternProjApplication    : No active profile set, falling back to default profiles: default
2020-10-07 22:21:07.320  INFO 14168 --- [restartedMain] .e.DevToolsPropertyDefaultsPostProcessor : Devtools property defaults active! Set 'spring.devtools.add-properties' to 'false' to disable
2020-10-07 22:21:07.321  INFO 14168 --- [restartedMain] .e.DevToolsPropertyDefaultsPostProcessor : For additional web related logging consider setting the 'logging.level.web' property to 'DEBUG'
2020-10-07 22:21:08.578  INFO 14168 --- [restartedMain] .s.d.r.c.RepositoryConfigurationDelegate : Bootstrapping Spring Data JPA repositories in DEFERRED mode.
2020-10-07 22:21:08.682  INFO 14168 --- [restartedMain] .s.d.r.c.RepositoryConfigurationDelegate : Finished Spring Data repository scanning in 91ms. Found 1 JPA repository interfaces.
2020-10-07 22:21:09.878  INFO 14168 --- [restartedMain] trationDelegate$BeanPostProcessorChecker : Bean 'org.springframework.ws.config.annotation.DelegatingWsConfiguration' of type [org.springframework.ws.config.annotation.DelegatingWsConfiguration$$EnhancerBySpringCGLIB$$59d6994b] is not eligible for getting processed by all BeanPostProcessors (for example: not eligible for auto-proxying)
2020-10-07 22:21:10.081  INFO 14168 --- [restartedMain] .w.s.a.s.AnnotationActionEndpointMapping : Supporting [WS-Addressing August 2004, WS-Addressing 1.0]
2020-10-07 22:21:10.745  INFO 14168 --- [restartedMain] o.s.b.w.embedded.tomcat.TomcatWebServer  : Tomcat initialized with port(s): 8080 (http)
2020-10-07 22:21:10.759  INFO 14168 --- [restartedMain] o.apache.catalina.core.StandardService   : Starting service [Tomcat]
2020-10-07 22:21:10.760  INFO 14168 --- [restartedMain] org.apache.catalina.core.StandardEngine  : Starting Servlet engine: [Apache Tomcat/9.0.37]
2020-10-07 22:21:10.904  INFO 14168 --- [restartedMain] o.a.c.c.C.[.[localhost].[/intern]        : Initializing Spring embedded WebApplicationContext
2020-10-07 22:21:10.906  INFO 14168 --- [restartedMain] w.s.c.ServletWebServerApplicationContext : Root WebApplicationContext: initialization completed in 3585 ms
2020-10-07 22:21:11.347  INFO 14168 --- [restartedMain] o.s.s.concurrent.ThreadPoolTaskExecutor  : Initializing ExecutorService 'applicationTaskExecutor'
2020-10-07 22:21:11.483  INFO 14168 --- [task-1] o.hibernate.jpa.internal.util.LogHelper  : HHH000204: Processing PersistenceUnitInfo [name: default]
2020-10-07 22:21:11.598  INFO 14168 --- [task-1] org.hibernate.Version                    : HHH000412: Hibernate ORM core version 5.4.20.Final
2020-10-07 22:21:11.977  INFO 14168 --- [task-1] o.hibernate.annotations.common.Version   : HCANN000001: Hibernate Commons Annotations {5.1.0.Final}
2020-10-07 22:21:12.312  INFO 14168 --- [task-1] com.zaxxer.hikari.HikariDataSource       : HikariPool-1 - Starting...
2020-10-07 22:21:13.361  INFO 14168 --- [task-1] com.zaxxer.hikari.HikariDataSource       : HikariPool-1 - Start completed.
2020-10-07 22:21:13.409  INFO 14168 --- [task-1] org.hibernate.dialect.Dialect            : HHH000400: Using dialect: org.hibernate.dialect.MySQL8Dialect
2020-10-07 22:21:14.847  INFO 14168 --- [task-1] o.h.e.t.j.p.i.JtaPlatformInitiator       : HHH000490: Using JtaPlatform implementation: [org.hibernate.engine.transaction.jta.platform.internal.NoJtaPlatform]
2020-10-07 22:21:14.879  INFO 14168 --- [task-1] j.LocalContainerEntityManagerFactoryBean : Initialized JPA EntityManagerFactory for persistence unit 'default'
2020-10-07 22:21:15.597  INFO 14168 --- [task-2] o.s.b.d.a.OptionalLiveReloadServer       : LiveReload server is running on port 35729
2020-10-07 22:21:16.435  WARN 14168 --- [restartedMain] JpaBaseConfiguration$JpaWebConfiguration : spring.jpa.open-in-view is enabled by default. Therefore, database queries may be performed during view rendering. Explicitly configure spring.jpa.open-in-view to disable this warning
2020-10-07 22:21:17.582  INFO 14168 --- [restartedMain] o.s.b.w.embedded.tomcat.TomcatWebServer  : Tomcat started on port(s): 8080 (http) with context path '/intern'
2020-10-07 22:21:17.585  INFO 14168 --- [restartedMain] DeferredRepositoryInitializationListener : Triggering deferred initialization of Spring Data repositories…
2020-10-07 22:21:17.671  INFO 14168 --- [restartedMain] DeferredRepositoryInitializationListener : Spring Data repositories initialized!
2020-10-07 22:21:17.687  INFO 14168 --- [restartedMain] com.intern.test.InternProjApplication    : Started InternProjApplication in 11.003 seconds (JVM running for 12.596)
2020-10-07 22:21:41.459  INFO 14168 --- [RMI TCP Connection(4)-127.0.0.1] inMXBeanRegistrar$SpringApplicationAdmin : Application shutdown requested.
2020-10-07 22:21:41.853  INFO 14168 --- [RMI TCP Connection(4)-127.0.0.1] j.LocalContainerEntityManagerFactoryBean : Closing JPA EntityManagerFactory for persistence unit 'default'
2020-10-07 22:21:41.858  INFO 14168 --- [RMI TCP Connection(4)-127.0.0.1] o.s.s.concurrent.ThreadPoolTaskExecutor  : Shutting down ExecutorService 'applicationTaskExecutor'
2020-10-07 22:21:41.863  INFO 14168 --- [RMI TCP Connection(4)-127.0.0.1] com.zaxxer.hikari.HikariDataSource       : HikariPool-1 - Shutdown initiated...
2020-10-07 22:21:41.880  INFO 14168 --- [RMI TCP Connection(4)-127.0.0.1] com.zaxxer.hikari.HikariDataSource       : HikariPool-1 - Shutdown completed.
2020-10-07 22:21:48.809  INFO 6332 --- [restartedMain] com.intern.test.InternProjApplication    : Starting InternProjApplication on LAPTOP-DTREMEVB with PID 6332 (C:\Users\HP\eclipse-workspace\InternProj\target\classes started by HP in C:\Users\HP\eclipse-workspace\InternProj)
2020-10-07 22:21:48.815  INFO 6332 --- [restartedMain] com.intern.test.InternProjApplication    : No active profile set, falling back to default profiles: default
2020-10-07 22:21:48.911  INFO 6332 --- [restartedMain] .e.DevToolsPropertyDefaultsPostProcessor : Devtools property defaults active! Set 'spring.devtools.add-properties' to 'false' to disable
2020-10-07 22:21:48.912  INFO 6332 --- [restartedMain] .e.DevToolsPropertyDefaultsPostProcessor : For additional web related logging consider setting the 'logging.level.web' property to 'DEBUG'
2020-10-07 22:21:50.179  INFO 6332 --- [restartedMain] .s.d.r.c.RepositoryConfigurationDelegate : Bootstrapping Spring Data JPA repositories in DEFERRED mode.
2020-10-07 22:21:50.308  INFO 6332 --- [restartedMain] .s.d.r.c.RepositoryConfigurationDelegate : Finished Spring Data repository scanning in 110ms. Found 1 JPA repository interfaces.
2020-10-07 22:21:50.831  INFO 6332 --- [restartedMain] trationDelegate$BeanPostProcessorChecker : Bean 'org.springframework.ws.config.annotation.DelegatingWsConfiguration' of type [org.springframework.ws.config.annotation.DelegatingWsConfiguration$$EnhancerBySpringCGLIB$$e562150e] is not eligible for getting processed by all BeanPostProcessors (for example: not eligible for auto-proxying)
2020-10-07 22:21:50.900  INFO 6332 --- [restartedMain] .w.s.a.s.AnnotationActionEndpointMapping : Supporting [WS-Addressing August 2004, WS-Addressing 1.0]
2020-10-07 22:21:51.550  INFO 6332 --- [restartedMain] o.s.b.w.embedded.tomcat.TomcatWebServer  : Tomcat initialized with port(s): 8080 (http)
2020-10-07 22:21:51.564  INFO 6332 --- [restartedMain] o.apache.catalina.core.StandardService   : Starting service [Tomcat]
2020-10-07 22:21:51.565  INFO 6332 --- [restartedMain] org.apache.catalina.core.StandardEngine  : Starting Servlet engine: [Apache Tomcat/9.0.37]
2020-10-07 22:21:51.712  INFO 6332 --- [restartedMain] o.a.c.c.C.[.[localhost].[/intern]        : Initializing Spring embedded WebApplicationContext
2020-10-07 22:21:51.713  INFO 6332 --- [restartedMain] w.s.c.ServletWebServerApplicationContext : Root WebApplicationContext: initialization completed in 2800 ms
2020-10-07 22:21:52.280  INFO 6332 --- [restartedMain] o.s.s.concurrent.ThreadPoolTaskExecutor  : Initializing ExecutorService 'applicationTaskExecutor'
2020-10-07 22:21:52.477  INFO 6332 --- [task-1] o.hibernate.jpa.internal.util.LogHelper  : HHH000204: Processing PersistenceUnitInfo [name: default]
2020-10-07 22:21:52.680  INFO 6332 --- [task-1] org.hibernate.Version                    : HHH000412: Hibernate ORM core version 5.4.20.Final
2020-10-07 22:21:53.282  INFO 6332 --- [task-1] o.hibernate.annotations.common.Version   : HCANN000001: Hibernate Commons Annotations {5.1.0.Final}
2020-10-07 22:21:53.712  INFO 6332 --- [task-1] com.zaxxer.hikari.HikariDataSource       : HikariPool-1 - Starting...
2020-10-07 22:21:54.818  INFO 6332 --- [task-1] com.zaxxer.hikari.HikariDataSource       : HikariPool-1 - Start completed.
2020-10-07 22:21:54.853  INFO 6332 --- [task-1] org.hibernate.dialect.Dialect            : HHH000400: Using dialect: org.hibernate.dialect.MySQL8Dialect
2020-10-07 22:21:58.773  INFO 6332 --- [task-1] o.h.e.t.j.p.i.JtaPlatformInitiator       : HHH000490: Using JtaPlatform implementation: [org.hibernate.engine.transaction.jta.platform.internal.NoJtaPlatform]
2020-10-07 22:21:58.804  INFO 6332 --- [task-1] j.LocalContainerEntityManagerFactoryBean : Initialized JPA EntityManagerFactory for persistence unit 'default'
2020-10-07 22:21:59.673  INFO 6332 --- [task-2] o.s.b.d.a.OptionalLiveReloadServer       : LiveReload server is running on port 35729
2020-10-07 22:22:00.253  WARN 6332 --- [restartedMain] JpaBaseConfiguration$JpaWebConfiguration : spring.jpa.open-in-view is enabled by default. Therefore, database queries may be performed during view rendering. Explicitly configure spring.jpa.open-in-view to disable this warning
2020-10-07 22:22:01.489  INFO 6332 --- [restartedMain] o.s.b.w.embedded.tomcat.TomcatWebServer  : Tomcat started on port(s): 8080 (http) with context path '/intern'
2020-10-07 22:22:01.492  INFO 6332 --- [restartedMain] DeferredRepositoryInitializationListener : Triggering deferred initialization of Spring Data repositories…
2020-10-07 22:22:01.567  INFO 6332 --- [restartedMain] DeferredRepositoryInitializationListener : Spring Data repositories initialized!
2020-10-07 22:22:01.581  INFO 6332 --- [restartedMain] com.intern.test.InternProjApplication    : Started InternProjApplication in 13.332 seconds (JVM running for 15.852)
2020-10-07 22:23:04.132  INFO 6332 --- [http-nio-8080-exec-2] o.a.c.c.C.[.[localhost].[/intern]        : Initializing Spring DispatcherServlet 'dispatcherServlet'
2020-10-07 22:23:04.133  INFO 6332 --- [http-nio-8080-exec-2] o.s.web.servlet.DispatcherServlet        : Initializing Servlet 'dispatcherServlet'
2020-10-07 22:23:04.175  INFO 6332 --- [http-nio-8080-exec-2] o.s.web.servlet.DispatcherServlet        : Completed initialization in 41 ms
